<?xml version="1.0" encoding="UTF-8"?>
<!-- Generated by org.testng.reporters.JUnitXMLReporter -->
<testsuite ignored="0" hostname="LAPTOP-GB395NJQ" failures="1" tests="2" name="Surefire test" time="9.774" errors="0" timestamp="2021-05-01T02:37:10 IST">
  <testcase classname="Academy.AllureProject.Tests" name="googleLogoTest" time="0.087">
    <failure type="java.lang.AssertionError" message="expected [true] but found [false]">
      <![CDATA[java.lang.AssertionError: expected [true] but found [false]
at Academy.AllureProject.Tests.googleLogoTest(Tests.java:43)
at java.base/java.util.ArrayList.forEach(ArrayList.java:1511)
... Removed 36 stack frames]]>
    </failure>
  </testcase> <!-- googleLogoTest -->
  <testcase classname="Academy.AllureProject.Tests" name="googleTitleTest" time="0.01"/>
</testsuite> <!-- Surefire test -->
