<?xml version="1.0" encoding="UTF-8"?>
<!-- Generated by org.testng.reporters.JUnitXMLReporter -->
<testsuite ignored="0" hostname="LAPTOP-GB395NJQ" failures="1" tests="2" name="Test" time="9.584" errors="0" timestamp="2021-05-01T02:32:51 IST">
  <testcase classname="Academy.AllureProject.AllureReportsDemo" name="googleLogoTest" time="0.153">
    <failure type="java.lang.AssertionError" message="expected [true] but found [false]">
      <![CDATA[java.lang.AssertionError: expected [true] but found [false]
at Academy.AllureProject.AllureReportsDemo.googleLogoTest(AllureReportsDemo.java:43)
at java.base/java.util.ArrayList.forEach(ArrayList.java:1511)
... Removed 31 stack frames]]>
    </failure>
  </testcase> <!-- googleLogoTest -->
  <testcase classname="Academy.AllureProject.AllureReportsDemo" name="googleTitleTest" time="0.009"/>
</testsuite> <!-- Test -->
